[2026-06-26 11:49:07] === ENGINE STARTED ===
[2026-06-26 11:49:07] --- JOB: TalkSport - Simon/Jordan ---
[2026-06-26 11:49:09]     Cleaned 7 old videos.
[2026-06-26 11:49:12]     [+] ADDED: "I'M WORRIED!" Emmanuel Petit Raises MAJ...
[2026-06-26 11:49:12]     [+] ADDED: Emmanuel Petit expresses great concern o...
[2026-06-26 11:49:12] --- JOB: TalkSport - Darren Bent ---
[2026-06-26 11:49:13]     Cleaned 1 old videos.
[2026-06-26 11:49:13]     [+] ADDED: talkSPORT Breakfast with Andy Goldstein ...
[2026-06-26 11:49:13]     [+] ADDED: Bruno Guimaraes DOESN'T START for Arsena...
[2026-06-26 11:49:14]     [+] ADDED: Darren Bent INSISTS Guimarães Doesn't Wa...
[2026-06-26 11:49:14]     [+] ADDED: Bent is BAFFLED by Man City signing Ande...
[2026-06-26 11:49:14] --- JOB: WhistlinDiesel ---
[2026-06-26 11:49:14]     No new matching videos found.
[2026-06-26 11:49:14] --- JOB: I Did A Thing ---
[2026-06-26 11:49:14]     No new matching videos found.
[2026-06-26 11:49:14] --- JOB: The Boyscast ---
[2026-06-26 11:49:15]     No new matching videos found.
[2026-06-26 11:49:15] --- JOB: Danny Polishchuk Comedy ---
[2026-06-26 11:49:15]     No new matching videos found.
[2026-06-26 11:49:15] === BATCH COMPLETE ===